<?xml version="1.0" encoding="UTF-8"?>
<!-- Generated by org.testng.reporters.JUnitReportReporter -->
<testsuite skipped="0" hostname="DKUs-MacBook-Pro.local" name="com.dku.hangman.test.NewTest" tests="1" failures="0" timestamp="17 Apr 2018 04:23:58 GMT" time="0.011" errors="0">
  <testcase name="f" time="0.011" classname="com.dku.hangman.test.NewTest"/>
</testsuite> <!-- com.dku.hangman.test.NewTest -->
